time="2019-04-08T15:09:24+08:00" level=info msg="update tracker list successfully"
 found"
time="2019-04-08T15:07:18+08:00" level=debug msg="Number of torrent(s) in db is 0"
time="2019-04-08T15:07:19+08:00" level=info msg="websocket created!"
time="2019-04-08T15:07:20+08:00" level=info msg="update tracker list successfully"
time="2019-04-08T15:07:32+08:00" level=info msg="Setting update" Settings="{false  100 /home/anatas/Desktop/Git/ant/torrent/tmp /home/anatas/Desktop/Git/ant/torrent/download true https://raw.githubusercontent.com/ngosang/trackerslist/master/trackers_all_ip.txt}"
time="2019-04-08T15:07:32+08:00" level=info msg="Restart engine"
time="2019-04-08T15:07:32+08:00" level=debug msg="Number of torrent(s) in db is 0"
time="2019-04-08T15:07:32+08:00" level=error msg="Unable to read Messagewebsocket: close 1001 (going away)"
time="2019-04-08T15:09:10+08:00" level=info msg="websocket created!"
time="2019-04-08T15:09:23+08:00" level=info msg="Setting update" Settings="{false  100 /home/anatas/Downloads /home/anatas/Downloads true https://raw.githubusercontent.com/ngosang/trackerslist/master/trackers_all_ip.txt}"
time="2019-04-08T15:09:23+08:00" level=info msg="Restart engine"
time="2019-04-08T15:09:23+08:00" level=debug msg="Number of torrent(s) in db is 0"
time="2019-04-08T15:09:23+08:00" level=error msg="Unable to read Messagewebsocket: close 1001 (going away)"
time="2019-04-08T15:09:25+08:00" level=info msg="websocket created!"
time="2019-04-08T15:09:44+08:00" level=info msg="Create a new task"
time="2019-04-08T15:09:44+08:00" level=debug msg="Create extend info for log"
time="2019-04-08T15:09:44+08:00" level=info msg="Torrent has been finished" TorrentName="Greys.Anatomy.S15E16.iNTERNAL.480p.x264-mSD[eztv].mkv"
time="2019-04-08T15:09:46+08:00" level=info msg="Files have been deleted!" Path="/home/anatas/Downloads/Greys.Anatomy.S15E16.iNTERNAL.480p.x264-mSD[eztv].mkv"
time="2019-04-08T15:10:25+08:00" level=info msg="Create a new task"
time="2019-04-08T15:10:25+08:00" level=debug msg="it has extend but no status pub"
time="2019-04-08T15:10:25+08:00" level=debug msg="Create extend info for log"
time="2019-04-08T15:12:33+08:00" level=error msg="Unable to read Messagewebsocket: close 1001 (going away)"
time="2019-04-08T15:12:34+08:00" level=info msg="websocket created!"
time="2019-04-08T15:12:44+08:00" level=info msg="serve it now"
time="2019-04-08T15:13:23+08:00" level=debug msg="Play has done"
time="2019-04-08T15:18:40+08:00" level=error msg="Unable to read Messagewebsocket: close 1001 (going away)"
time="2019-04-08T15:18:41+08:00" level=info msg="websocket created!"
time="2019-04-08T15:19:51+08:00" level=error msg="Unable to read Messagewebsocket: close 1001 (going away)"
time="2019-04-08T15:19:52+08:00" level=info msg="websocket created!"
time="2019-04-08T15:20:00+08:00" level=error msg="Unable to read Messagewebsocket: close 1001 (going away)"
time="2019-04-08T15:20:01+08:00" level=info msg="websocket created!"
time="2019-04-08T15:20:04+08:00" level=error msg="Unable to read Messagewebsocket: close 1001 (going away)"
time="2019-04-08T15:20:05+08:00" level=info msg="websocket created!"
time="2019-04-08T15:20:26+08:00" level=error msg="Unable to read Messagewebsocket: close 1001 (going away)"
time="2019-04-08T15:20:27+08:00" level=info msg="websocket created!"
time="2019-04-08T15:20:32+08:00" level=error msg="Unable to read Messagewebsocket: close 1001 (going away)"
time="2019-04-08T15:20:33+08:00" level=info msg="websocket created!"
time="2019-04-08T15:20:35+08:00" level=error msg="Unable to read Messagewebsocket: close 1001 (going away)"
time="2019-04-08T15:20:36+08:00" level=info msg="websocket created!"
time="2019-04-08T15:20:59+08:00" level=error msg="Unable to read Messagewebsocket: close 1001 (going away)"
time="2019-04-08T15:21:00+08:00" level=info msg="websocket created!"
time="2019-04-08T15:21:34+08:00" level=error msg="Unable to read Messagewebsocket: close 1001 (going away)"
time="2019-04-08T15:21:35+08:00" level=info msg="websocket created!"
time="2019-04-08T15:21:39+08:00" level=error msg="Unable to read Messagewebsocket: close 1001 (going away)"
time="2019-04-08T15:21:40+08:00" level=info msg="websocket created!"
time="2019-04-08T15:26:24+08:00" level=error msg="Unable to read Messagewebsocket: close 1001 (going away)"
time="2019-04-08T15:26:25+08:00" level=info msg="websocket created!"
time="2019-04-08T15:26:32+08:00" level=error msg="Unable to read Messagewebsocket: close 1001 (going away)"
time="2019-04-08T15:26:33+08:00" level=info msg="websocket created!"
time="2019-04-08T15:26:55+08:00" level=error msg="Unable to read Messagewebsocket: close 1001 (going away)"
time="2019-04-08T15:26:56+08:00" level=info msg="websocket created!"
time="2019-04-08T15:27:12+08:00" level=error msg="Unable to read Messagewebsocket: close 1001 (going away)"
time="2019-04-08T15:27:13+08:00" level=info msg="websocket created!"
time="2019-04-08T15:29:36+08:00" level=error msg="Unable to read Messagewebsocket: close 1001 (going away)"
time="2019-04-08T15:29:37+08:00" level=info msg="websocket created!"
time="2019-04-08T15:30:39+08:00" level=error msg="Unable to read Messagewebsocket: close 1001 (going away)"
time="2019-04-08T15:30:40+08:00" level=info msg="websocket created!"
time="2019-04-08T15:31:07+08:00" level=error msg="Unable to read Messagewebsocket: close 1001 (going away)"
time="2019-04-08T15:31:08+08:00" level=info msg="websocket created!"
time="2019-04-08T15:31:34+08:00" level=error msg="Unable to read Messagewebsocket: close 1001 (going away)"
time="2019-04-08T15:31:35+08:00" level=info msg="websocket created!"
time="2019-04-08T15:31:39+08:00" level=error msg="Unable to read Messagewebsocket: close 1001 (going away)"
time="2019-04-08T15:31:40+08:00" level=info msg="websocket created!"
time="2019-04-08T15:32:03+08:00" level=error msg="Unable to read Messagewebsocket: close 1001 (going away)"
time="2019-04-08T15:32:04+08:00" level=info msg="websocket created!"
time="2019-04-08T15:32:05+08:00" level=error msg="Unable to read Messagewebsocket: close 1001 (going away)"
time="2019-04-08T15:32:06+08:00" level=info msg="websocket created!"
time="2019-04-08T15:32:17+08:00" level=error msg="Unable to read Messagewebsocket: close 1001 (going away)"
time="2019-04-08T15:32:18+08:00" level=info msg="websocket created!"
time="2019-04-08T15:33:31+08:00" level=error msg="Unable to read Messagewebsocket: close 1001 (going away)"
time="2019-04-08T15:33:32+08:00" level=info msg="websocket created!"
time="2019-04-08T15:33:43+08:00" level=error msg="Unable to read Messagewebsocket: close 1001 (going away)"
time="2019-04-08T15:33:44+08:00" level=info msg="websocket created!"
time="2019-04-08T15:37:13+08:00" level=error msg="Unable to read Messagewebsocket: close 1001 (going away)"
time="2019-04-08T15:37:14+08:00" level=info msg="websocket created!"
time="2019-04-08T15:37:38+08:00" level=error msg="Unable to read Messagewebsocket: close 1001 (going away)"
time="2019-04-08T15:37:39+08:00" level=info msg="websocket created!"
time="2019-04-08T15:37:57+08:00" level=error msg="Unable to read Messagewebsocket: close 1001 (going away)"
time="2019-04-08T15:37:58+08:00" level=info msg="websocket created!"
time="2019-04-08T15:38:35+08:00" level=error msg="Unable to read Messagewebsocket: close 1001 (going away)"
time="2019-04-08T15:38:36+08:00" level=info msg="websocket created!"
time="2019-04-08T15:38:46+08:00" level=error msg="Unable to read Messagewebsocket: close 1001 (going away)"
time="2019-04-08T15:38:47+08:00" level=info msg="websocket created!"
time="2019-04-08T15:40:31+08:00" level=error msg="Unable to read Messagewebsocket: close 1001 (going away)"
time="2019-04-08T15:40:32+08:00" level=info msg="websocket created!"
time="2019-04-08T15:40:48+08:00" level=error msg="Unable to read Messagewebsocket: close 1001 (going away)"
time="2019-04-08T15:40:49+08:00" level=info msg="websocket created!"
time="2019-04-08T15:41:07+08:00" level=error msg="Unable to read Messagewebsocket: close 1001 (going away)"
time="2019-04-08T15:41:08+08:00" level=info msg="websocket created!"
time="2019-04-08T15:41:29+08:00" level=error msg="Unable to read Messagewebsocket: close 1001 (going away)"
time="2019-04-08T15:41:30+08:00" level=info msg="websocket created!"
time="2019-04-08T15:41:35+08:00" level=error msg="Unable to read Messagewebsocket: close 1001 (going away)"
time="2019-04-08T15:41:36+08:00" level=info msg="websocket created!"
time="2019-04-08T15:41:54+08:00" level=error msg="Unable to read Messagewebsocket: close 1001 (going away)"
time="2019-04-08T15:41:55+08:00" level=info msg="websocket created!"
time="2019-04-08T15:42:07+08:00" level=error msg="Unable to read Messagewebsocket: close 1001 (going away)"
time="2019-04-08T15:42:08+08:00" level=info msg="websocket created!"
time="2019-04-08T15:43:17+08:00" level=error msg="Unable to read Messagewebsocket: close 1001 (going away)"
time="2019-04-08T15:43:18+08:00" level=info msg="websocket created!"
time="2019-04-08T15:43:30+08:00" level=error msg="Unable to read Messagewebsocket: close 1001 (going away)"
time="2019-04-08T15:43:31+08:00" level=info msg="websocket created!"
time="2019-04-08T15:44:07+08:00" level=error msg="Unable to read Messagewebsocket: close 1001 (going away)"
time="2019-04-08T15:44:08+08:00" level=info msg="websocket created!"
time="2019-04-08T15:44:10+08:00" level=error msg="Unable to read Messagewebsocket: close 1001 (going away)"
time="2019-04-08T15:44:11+08:00" level=info msg="websocket created!"
time="2019-04-08T15:46:40+08:00" level=error msg="Unable to read Messagewebsocket: close 1001 (going away)"
time="2019-04-08T15:46:41+08:00" level=info msg="websocket created!"
time="2019-04-08T15:49:23+08:00" level=error msg="Unable to read Messagewebsocket: close 1001 (going away)"
time="2019-04-08T15:49:24+08:00" level=info msg="websocket created!"
time="2019-04-08T15:49:39+08:00" level=debug msg="it has extend but no status pub"
time="2019-04-08T15:49:39+08:00" level=debug msg="Create extend info for log"
time="2019-04-08T15:54:21+08:00" level=error msg="Unable to read Messagewebsocket: close 1001 (going away)"
time="2019-04-08T15:54:22+08:00" level=info msg="websocket created!"
time="2019-04-08T15:54:29+08:00" level=error msg="Unable to read Messagewebsocket: close 1001 (going away)"
time="2019-04-08T15:54:30+08:00" level=info msg="websocket created!"
time="2019-04-08T15:54:40+08:00" level=error msg="Unable to read Messagewebsocket: close 1001 (going away)"
time="2019-04-08T15:54:41+08:00" level=info msg="websocket created!"
time="2019-04-08T15:54:53+08:00" level=error msg="Unable to read Messagewebsocket: close 1001 (going away)"
time="2019-04-08T15:54:54+08:00" level=info msg="websocket created!"
time="2019-04-08T15:55:41+08:00" level=error msg="Unable to read Messagewebsocket: close 1001 (going away)"
time="2019-04-08T15:55:42+08:00" level=info msg="websocket created!"
time="2019-04-08T15:56:03+08:00" level=debug msg="it has extend but no status pub"
time="2019-04-08T15:56:03+08:00" level=debug msg="Create extend info for log"
time="2019-04-08T15:56:06+08:00" level=info msg="serve it now"
time="2019-04-08T15:56:57+08:00" level=error msg="Unable to read Messagewebsocket: close 1001 (going away)"
time="2019-04-08T15:56:58+08:00" level=info msg="websocket created!"
time="2019-04-08T15:56:59+08:00" level=error msg="Unable to read Messagewebsocket: close 1001 (going away)"
time="2019-04-08T15:57:00+08:00" level=info msg="websocket created!"
time="2019-04-08T15:57:02+08:00" level=error msg="Unable to read Messagewebsocket: close 1001 (going away)"
time="2019-04-08T15:57:03+08:00" level=info msg="websocket created!"
time="2019-04-08T15:58:28+08:00" level=error msg="Unable to read Messagewebsocket: close 1001 (going away)"
time="2019-04-08T15:58:29+08:00" level=info msg="websocket created!"
time="2019-04-08T15:58:33+08:00" level=error msg="Unable to read Messagewebsocket: close 1001 (going away)"
time="2019-04-08T15:58:34+08:00" level=info msg="websocket created!"
time="2019-04-08T15:58:58+08:00" level=error msg="Unable to read Messagewebsocket: close 1001 (going away)"
time="2019-04-08T15:58:59+08:00" level=info msg="websocket created!"
time="2019-04-08T15:59:02+08:00" level=debug msg="it has extend but no status pub"
time="2019-04-08T15:59:02+08:00" level=debug msg="Create extend info for log"
time="2019-04-08T15:59:19+08:00" level=error msg="Unable to read Messagewebsocket: close 1001 (going away)"
time="2019-04-08T15:59:20+08:00" level=info msg="websocket created!"
time="2019-04-08T15:59:28+08:00" level=debug msg="it has extend but no status pub"
time="2019-04-08T15:59:28+08:00" level=debug msg="Create extend info for log"
time="2019-04-08T15:59:44+08:00" level=debug msg="Play has done"
time="2019-04-08T15:59:45+08:00" level=error msg="Unable to read Messagewebsocket: close 1001 (going away)"
time="2019-04-08T15:59:46+08:00" level=info msg="websocket created!"
time="2019-04-08T15:59:49+08:00" level=error msg="Unable to read Messagewebsocket: close 1001 (going away)"
time="2019-04-08T15:59:50+08:00" level=info msg="websocket created!"
time="2019-04-08T16:03:40+08:00" level=error msg="Unable to read Messagewebsocket: close 1001 (going away)"
time="2019-04-08T16:03:41+08:00" level=info msg="websocket created!"
time="2019-04-08T16:03:47+08:00" level=error msg="Unable to read Messagewebsocket: close 1001 (going away)"
time="2019-04-08T16:03:48+08:00" level=info msg="websocket created!"
time="2019-04-08T16:04:05+08:00" level=error msg="Unable to read Messagewebsocket: close 1001 (going away)"
time="2019-04-08T16:04:06+08:00" level=info msg="websocket created!"
time="2019-04-08T16:04:47+08:00" level=error msg="Unable to read Messagewebsocket: close 1001 (going away)"
time="2019-04-08T16:04:48+08:00" level=info msg="websocket created!"
time="2019-04-08T16:06:39+08:00" level=error msg="Unable to read Messagewebsocket: close 1001 (going away)"
time="2019-04-08T16:06:40+08:00" level=info msg="websocket created!"
time="2019-04-08T16:06:52+08:00" level=error msg="Unable to read Messagewebsocket: close 1001 (going away)"
time="2019-04-08T16:06:53+08:00" level=info msg="websocket created!"
time="2019-04-08T16:07:48+08:00" level=debug msg="it has extend but no status pub"
time="2019-04-08T16:07:48+08:00" level=debug msg="Create extend info for log"
time="2019-04-08T16:09:08+08:00" level=error msg="Unable to read Messagewebsocket: close 1006 (abnormal closure): unexpected EOF"
